[GIN] 2022/03/14 - 23:24:04 | 200 |            0s |             ::1 | GET      "/"
[GIN] 2022/03/14 - 23:24:32 | 200 |       712.7µs |             ::1 | GET      "/"
[GIN] 2022/03/14 - 23:25:47 | 400 |       203.9µs |             ::1 | POST     "/checkUser"
[GIN] 2022/03/14 - 23:26:02 | 400 |            0s |             ::1 | POST     "/checkUser"
[GIN] 2022/03/14 - 23:26:47 | 200 |       385.2µs |             ::1 | POST     "/checkUser"
[GIN] 2022/03/14 - 23:30:38 | 200 |     19.9028ms |             ::1 | POST     "/checkUser"
[GIN] 2022/03/14 - 23:32:43 | 200 |     18.2791ms |             ::1 | POST     "/checkUser"
[GIN] 2022/03/14 - 23:32:47 | 400 |       491.9µs |             ::1 | POST     "/checkUser"
[GIN] 2022/03/14 - 23:34:19 | 400 |       856.7µs |             ::1 | POST     "/checkUser"
[GIN] 2022/03/14 - 23:34:37 | 400 |     20.0168ms |             ::1 | POST     "/checkUser"
[GIN] 2022/03/14 - 23:37:54 | 400 |     18.7116ms |             ::1 | POST     "/checkUser"
[GIN] 2022/03/14 - 23:38:35 | 400 |     17.7114ms |             ::1 | POST     "/checkUser"
[GIN] 2022/03/14 - 23:39:54 | 400 |     18.1787ms |             ::1 | POST     "/checkUser"
[GIN] 2022/03/14 - 23:42:39 | 400 |     16.1738ms |             ::1 | POST     "/checkUser"
[GIN] 2022/03/14 - 23:46:57 | 400 |     18.6286ms |             ::1 | POST     "/checkUser"
[GIN] 2022/03/14 - 23:48:00 | 400 |     17.8287ms |             ::1 | POST     "/checkUser"
[GIN] 2022/03/14 - 23:49:52 | 400 |     17.4523ms |             ::1 | POST     "/checkUser"
[GIN] 2022/03/14 - 23:54:54 | 400 |      18.769ms |             ::1 | POST     "/checkUser"
[GIN] 2022/03/15 - 00:30:11 | 400 |      18.082ms |             ::1 | POST     "/checkUser"
[GIN] 2022/03/15 - 00:31:31 | 400 |     18.3799ms |             ::1 | POST     "/checkUser"
[GIN] 2022/03/15 - 00:31:56 | 400 |     17.8213ms |             ::1 | POST     "/checkUser"
[GIN] 2022/03/15 - 00:35:41 | 400 |     17.6967ms |             ::1 | POST     "/checkUser"
[GIN] 2022/03/15 - 00:36:27 | 400 |     17.7615ms |             ::1 | POST     "/checkUser"
[GIN] 2022/03/15 - 16:30:56 | 200 |     38.4952ms |             ::1 | POST     "/checkUser"
[GIN] 2022/03/15 - 16:33:05 | 400 |      2.8816ms |             ::1 | POST     "/addUser"
[GIN] 2022/03/15 - 16:34:48 | 500 |      3.7246ms |             ::1 | POST     "/addUser"
[GIN] 2022/03/15 - 16:36:57 | 200 |     16.1168ms |             ::1 | POST     "/checkUser"
[GIN] 2022/03/15 - 16:37:06 | 500 |      3.1031ms |             ::1 | POST     "/addUser"
[GIN] 2022/03/15 - 16:38:49 | 500 |      3.4262ms |             ::1 | POST     "/addUser"
[GIN] 2022/03/15 - 16:39:57 | 500 |     20.6365ms |             ::1 | POST     "/addUser"
[GIN] 2022/03/15 - 16:42:32 | 500 |       20.66ms |             ::1 | POST     "/addUser"
[GIN] 2022/03/15 - 16:46:45 | 500 |     19.6728ms |             ::1 | POST     "/addUser"
[GIN] 2022/03/15 - 16:47:38 | 500 |      19.787ms |             ::1 | POST     "/addUser"
[GIN] 2022/03/15 - 16:49:31 | 200 |      37.556ms |             ::1 | POST     "/addUser"
[GIN] 2022/03/15 - 16:55:11 | 200 |     22.8234ms |             ::1 | POST     "/addUser"
[GIN] 2022/03/15 - 16:58:03 | 200 |     10.2891ms |             ::1 | POST     "/addUser"
[GIN] 2022/03/15 - 16:58:05 | 200 |        3.55ms |             ::1 | POST     "/addUser"
[GIN] 2022/03/15 - 18:46:08 | 200 |     25.1224ms |             ::1 | GET      "/"
[GIN] 2022/03/15 - 18:46:23 | 204 |       396.1µs |             ::1 | OPTIONS  "/checkUser"
[GIN] 2022/03/15 - 18:46:23 | 200 |     11.8073ms |             ::1 | POST     "/checkUser"
[GIN] 2022/03/15 - 18:48:08 | 204 |       693.9µs |             ::1 | OPTIONS  "/checkUser"
[GIN] 2022/03/15 - 18:48:08 | 200 |      5.3119ms |             ::1 | POST     "/checkUser"
[GIN] 2022/03/15 - 18:48:13 | 200 |      4.0407ms |             ::1 | POST     "/checkUser"
[GIN] 2022/03/15 - 18:48:15 | 200 |       105.9µs |             ::1 | GET      "/"
[GIN] 2022/03/15 - 18:48:21 | 204 |       110.8µs |             ::1 | OPTIONS  "/checkUser"
[GIN] 2022/03/15 - 18:48:21 | 200 |       3.179ms |             ::1 | POST     "/checkUser"
[GIN] 2022/03/15 - 18:48:28 | 204 |            0s |             ::1 | OPTIONS  "/checkUser"
[GIN] 2022/03/15 - 18:48:28 | 200 |      3.1812ms |             ::1 | POST     "/checkUser"
[GIN] 2022/03/15 - 18:49:52 | 204 |       733.4µs |             ::1 | OPTIONS  "/checkUser"
[GIN] 2022/03/15 - 18:49:52 | 200 |      4.4172ms |             ::1 | POST     "/checkUser"
[GIN] 2022/03/15 - 18:49:55 | 200 |       670.8µs |             ::1 | GET      "/"
[GIN] 2022/03/15 - 18:50:01 | 204 |       419.3µs |             ::1 | OPTIONS  "/checkUser"
[GIN] 2022/03/15 - 18:50:01 | 200 |       2.894ms |             ::1 | POST     "/checkUser"
[GIN] 2022/03/15 - 18:53:46 | 200 |       999.8µs |             ::1 | GET      "/"
[GIN] 2022/03/15 - 18:53:53 | 204 |      1.1487ms |             ::1 | OPTIONS  "/checkUser"
[GIN] 2022/03/15 - 18:53:53 | 200 |       2.867ms |             ::1 | POST     "/checkUser"
[GIN] 2022/03/15 - 18:58:03 | 200 |       555.4µs |             ::1 | GET      "/"
[GIN] 2022/03/15 - 18:58:21 | 200 |        43.4µs |             ::1 | GET      "/"
[GIN] 2022/03/15 - 18:58:27 | 204 |       266.7µs |             ::1 | OPTIONS  "/checkUser"
[GIN] 2022/03/15 - 18:58:27 | 200 |       3.208ms |             ::1 | POST     "/checkUser"
[GIN] 2022/03/15 - 18:59:36 | 200 |       951.6µs |             ::1 | GET      "/"
[GIN] 2022/03/15 - 18:59:42 | 204 |        53.9µs |             ::1 | OPTIONS  "/checkUser"
[GIN] 2022/03/15 - 18:59:42 | 200 |      3.9343ms |             ::1 | POST     "/checkUser"
[GIN] 2022/03/15 - 18:59:42 | 204 |       476.5µs |             ::1 | OPTIONS  "/getDocsPatient"
[GIN] 2022/03/15 - 18:59:42 | 404 |            0s |             ::1 | POST     "/getDocsPatient"
[GIN] 2022/03/15 - 18:59:42 | 204 |       532.9µs |             ::1 | OPTIONS  "/getDoctorName"
[GIN] 2022/03/15 - 18:59:42 | 404 |       576.3µs |             ::1 | POST     "/getDoctorName"
[GIN] 2022/03/15 - 18:59:52 | 204 |      1.0103ms |             ::1 | OPTIONS  "/checkUser"
[GIN] 2022/03/15 - 18:59:52 | 200 |     33.4034ms |             ::1 | POST     "/checkUser"
[GIN] 2022/03/15 - 18:59:55 | 200 |      6.5413ms |             ::1 | POST     "/checkUser"
[GIN] 2022/03/15 - 19:00:30 | 200 |       138.1µs |             ::1 | GET      "/"
[GIN] 2022/03/15 - 19:01:22 | 204 |       738.8µs |             ::1 | OPTIONS  "/addUser"
[GIN] 2022/03/15 - 19:01:22 | 200 |     13.1525ms |             ::1 | POST     "/addUser"
[GIN] 2022/03/15 - 19:02:19 | 204 |            0s |             ::1 | OPTIONS  "/checkUser"
[GIN] 2022/03/15 - 19:02:19 | 200 |       2.989ms |             ::1 | POST     "/checkUser"
[GIN] 2022/03/15 - 19:02:19 | 204 |       927.2µs |             ::1 | OPTIONS  "/getAdminName"
[GIN] 2022/03/15 - 19:02:19 | 404 |       551.9µs |             ::1 | GET      "/getAllDocAndPatient"
[GIN] 2022/03/15 - 19:02:19 | 404 |       120.4µs |             ::1 | POST     "/getAdminName"
[GIN] 2022/03/15 - 22:30:36 | 200 |   13.7086989s |             ::1 | POST     "/addUser"
[GIN] 2022/03/15 - 22:31:43 | 200 |   13.6809697s |             ::1 | POST     "/addUser"
[GIN] 2022/03/15 - 22:32:23 | 200 |   13.6584527s |             ::1 | POST     "/addUser"
[GIN] 2022/03/15 - 22:33:07 | 200 |   13.6922085s |             ::1 | POST     "/addUser"
[GIN] 2022/03/15 - 22:33:26 | 200 |   13.6644885s |             ::1 | POST     "/addUser"
[GIN] 2022/03/15 - 22:34:38 | 200 |   13.6710536s |             ::1 | POST     "/addUser"
[GIN] 2022/03/15 - 22:35:19 | 200 |    342.9667ms |             ::1 | POST     "/addUser"
