time="2022-03-14T23:49:52+08:00" level=info msg="手机号或者密码错误"
time="2022-03-14T23:49:52+08:00" level=info latency_time=17.4523ms remote_ip="::1" req_method=POST req_uri=/checkUser status_code=400
time="2022-03-14T23:54:54+08:00" level=info msg="手机号或者密码错误"
time="2022-03-14T23:54:54+08:00" level=info latency_time=18.769ms remote_ip="::1" req_method=POST req_uri=/checkUser status_code=400
time="2022-03-15T00:30:11+08:00" level=info msg="手机号或者密码错误"
time="2022-03-15T00:30:11+08:00" level=info latency_time=18.082ms remote_ip="::1" req_method=POST req_uri=/checkUser status_code=400
time="2022-03-15T00:31:31+08:00" level=info msg="手机号或者密码错误"
time="2022-03-15T00:31:31+08:00" level=info latency_time=17.827ms remote_ip="::1" req_method=POST req_uri=/checkUser status_code=400
time="2022-03-15T00:31:56+08:00" level=info msg="手机号或者密码错误"
time="2022-03-15T00:31:56+08:00" level=info latency_time=17.8213ms remote_ip="::1" req_method=POST req_uri=/checkUser status_code=400
time="2022-03-15T00:35:41+08:00" level=info msg="手机号或者密码错误,phone:[%s],password:[%s]rootadmin2"
time="2022-03-15T00:35:41+08:00" level=info latency_time=17.1526ms remote_ip="::1" req_method=POST req_uri=/checkUser status_code=400
time="2022-03-15T00:36:27+08:00" level=info msg="手机号或者密码错误,phone:[root],password:[admin2]"
time="2022-03-15T00:36:27+08:00" level=info latency_time=17.7615ms remote_ip="::1" req_method=POST req_uri=/checkUser status_code=400
time="2022-03-15T16:30:56+08:00" level=info latency_time="687µs" remote_ip="::1" req_method=POST req_uri=/checkUser status_code=200
time="2022-03-15T16:33:05+08:00" level=info msg="json解析失败[&{POST /addUser HTTP/1.1 %!s(int=1) %!s(int=1) map[Accept:[*/*] Accept-Encoding:[gzip, deflate, br] Connection:[keep-alive] Content-Length:[96] Content-Type:[application/json] Postman-Token:[add7c262-2595-4138-974e-e1547a296538] User-Agent:[PostmanRuntime/7.26.8]] %!s(*http.body=&{0xc00028e2d0 <nil> <nil> false true {0 0} true false false 0x4c70a0}) %!s(func() (io.ReadCloser, error)=<nil>) %!s(int64=96) [] %!s(bool=false) localhost:8096 map[] map[] %!s(*multipart.Form=<nil>) map[] [::1]:59819 /addUser %!s(*tls.ConnectionState=<nil>) %!s(<-chan struct {}=<nil>) %!s(*http.Response=<nil>) %!s(*context.cancelCtx=&{0xc00030b940 {0 0} {<nil>} map[] <nil>})}]"
time="2022-03-15T16:33:05+08:00" level=info latency_time=1.8467ms remote_ip="::1" req_method=POST req_uri=/addUser status_code=400
time="2022-03-15T16:36:57+08:00" level=info latency_time="758.4µs" remote_ip="::1" req_method=POST req_uri=/checkUser status_code=200
time="2022-03-15T16:49:31+08:00" level=info msg="注册失败,user[&{Id:6909420303223357440 Username:root Password:admin Phone:13800000000 Type:0 CreateTime:2022-03-15 16:49:31.1108359 +0800 CST m=+3.570175801 IsDelete:0 Ext:{String: Valid:false}}]"
time="2022-03-15T16:49:31+08:00" level=info latency_time=37.556ms remote_ip="::1" req_method=POST req_uri=/addUser status_code=200
time="2022-03-15T16:55:11+08:00" level=info msg="注册失败,user[&{Id:6909421729978777600 Username:root Password:admin Phone:13800000000 Type:0 CreateTime:2022-03-15 16:55:11.2753993 +0800 CST m=+3.479837601 IsDelete:0 Ext:{String: Valid:false}}]" error="Error 1264: Out of range value for column 'phone' at row 1"
time="2022-03-15T16:55:11+08:00" level=info latency_time=22.8234ms remote_ip="::1" req_method=POST req_uri=/addUser status_code=200
time="2022-03-15T16:58:03+08:00" level=info latency_time=9.7745ms remote_ip="::1" req_method=POST req_uri=/addUser status_code=200
time="2022-03-15T16:58:05+08:00" level=info msg="该用户已经注册过,phone[13800000000],type[0]"
time="2022-03-15T16:58:05+08:00" level=info latency_time=3.0298ms remote_ip="::1" req_method=POST req_uri=/addUser status_code=200
