{"level":"info","msg":"手机号或者密码错误","time":"2022-03-15 00:31:56.807"}
{"latency_time":17821300,"level":"info","msg":"","remote_ip":"::1","req_method":"POST","req_uri":"/checkUser","status_code":400,"time":"2022-03-15 00:31:56.824"}
{"level":"info","msg":"手机号或者密码错误,phone:[%s],password:[%s]rootadmin2","time":"2022-03-15 00:35:41.445"}
{"latency_time":17152600,"level":"info","msg":"","remote_ip":"::1","req_method":"POST","req_uri":"/checkUser","status_code":400,"time":"2022-03-15 00:35:41.461"}
{"level":"info","msg":"手机号或者密码错误,phone:[root],password:[admin2]","time":"2022-03-15 00:36:27.189"}
{"latency_time":17761500,"level":"info","msg":"","remote_ip":"::1","req_method":"POST","req_uri":"/checkUser","status_code":400,"time":"2022-03-15 00:36:27.206"}
{"latency_time":687000,"level":"info","msg":"","remote_ip":"::1","req_method":"POST","req_uri":"/checkUser","status_code":200,"time":"2022-03-15 16:30:56.702"}
{"level":"info","msg":"json解析失败[\u0026{POST /addUser HTTP/1.1 %!s(int=1) %!s(int=1) map[Accept:[*/*] Accept-Encoding:[gzip, deflate, br] Connection:[keep-alive] Content-Length:[96] Content-Type:[application/json] Postman-Token:[add7c262-2595-4138-974e-e1547a296538] User-Agent:[PostmanRuntime/7.26.8]] %!s(*http.body=\u0026{0xc00028e2d0 \u003cnil\u003e \u003cnil\u003e false true {0 0} true false false 0x4c70a0}) %!s(func() (io.ReadCloser, error)=\u003cnil\u003e) %!s(int64=96) [] %!s(bool=false) localhost:8096 map[] map[] %!s(*multipart.Form=\u003cnil\u003e) map[] [::1]:59819 /addUser %!s(*tls.ConnectionState=\u003cnil\u003e) %!s(\u003c-chan struct {}=\u003cnil\u003e) %!s(*http.Response=\u003cnil\u003e) %!s(*context.cancelCtx=\u0026{0xc00030b940 {0 0} {\u003cnil\u003e} map[] \u003cnil\u003e})}]","time":"2022-03-15 16:33:05.821"}
{"latency_time":1846700,"level":"info","msg":"","remote_ip":"::1","req_method":"POST","req_uri":"/addUser","status_code":400,"time":"2022-03-15 16:33:05.823"}
{"latency_time":758400,"level":"info","msg":"","remote_ip":"::1","req_method":"POST","req_uri":"/checkUser","status_code":200,"time":"2022-03-15 16:36:57.579"}
{"level":"info","msg":"注册失败,user[\u0026{Id:6909420303223357440 Username:root Password:admin Phone:13800000000 Type:0 CreateTime:2022-03-15 16:49:31.1108359 +0800 CST m=+3.570175801 IsDelete:0 Ext:{String: Valid:false}}]","time":"2022-03-15 16:49:31.124"}
{"latency_time":37556000,"level":"info","msg":"","remote_ip":"::1","req_method":"POST","req_uri":"/addUser","status_code":200,"time":"2022-03-15 16:49:31.125"}
{"error":"Error 1264: Out of range value for column 'phone' at row 1","level":"info","msg":"注册失败,user[\u0026{Id:6909421729978777600 Username:root Password:admin Phone:13800000000 Type:0 CreateTime:2022-03-15 16:55:11.2753993 +0800 CST m=+3.479837601 IsDelete:0 Ext:{String: Valid:false}}]","time":"2022-03-15 16:55:11.278"}
{"latency_time":22823400,"level":"info","msg":"","remote_ip":"::1","req_method":"POST","req_uri":"/addUser","status_code":200,"time":"2022-03-15 16:55:11.280"}
{"latency_time":9774500,"level":"info","msg":"","remote_ip":"::1","req_method":"POST","req_uri":"/addUser","status_code":200,"time":"2022-03-15 16:58:03.877"}
{"level":"info","msg":"该用户已经注册过,phone[13800000000],type[0]","time":"2022-03-15 16:58:05.432"}
{"latency_time":3029800,"level":"info","msg":"","remote_ip":"::1","req_method":"POST","req_uri":"/addUser","status_code":200,"time":"2022-03-15 16:58:05.432"}
{"latency_time":0,"level":"info","msg":"","remote_ip":"::1","req_method":"GET","req_uri":"/","status_code":200,"time":"2022-03-15 18:46:08.379"}
{"latency_time":0,"level":"info","msg":"","remote_ip":"::1","req_method":"OPTIONS","req_uri":"/checkUser","status_code":204,"time":"2022-03-15 18:46:23.703"}
{"level":"info","msg":"手机号或者密码错误,phone:[138],password:[03]","time":"2022-03-15 18:46:23.716"}
{"latency_time":11252200,"level":"info","msg":"","remote_ip":"::1","req_method":"POST","req_uri":"/checkUser","status_code":200,"time":"2022-03-15 18:46:23.716"}
{"latency_time":0,"level":"info","msg":"","remote_ip":"::1","req_method":"OPTIONS","req_uri":"/checkUser","status_code":204,"time":"2022-03-15 18:48:08.658"}
{"level":"info","msg":"手机号或者密码错误,phone:[138],password:[03]","time":"2022-03-15 18:48:08.664"}
{"latency_time":5311900,"level":"info","msg":"","remote_ip":"::1","req_method":"POST","req_uri":"/checkUser","status_code":200,"time":"2022-03-15 18:48:08.664"}
{"level":"info","msg":"手机号或者密码错误,phone:[138],password:[03]","time":"2022-03-15 18:48:13.167"}
{"latency_time":3475700,"level":"info","msg":"","remote_ip":"::1","req_method":"POST","req_uri":"/checkUser","status_code":200,"time":"2022-03-15 18:48:13.167"}
{"latency_time":0,"level":"info","msg":"","remote_ip":"::1","req_method":"GET","req_uri":"/","status_code":200,"time":"2022-03-15 18:48:15.396"}
{"latency_time":0,"level":"info","msg":"","remote_ip":"::1","req_method":"OPTIONS","req_uri":"/checkUser","status_code":204,"time":"2022-03-15 18:48:21.165"}
{"latency_time":3179000,"level":"info","msg":"","remote_ip":"::1","req_method":"POST","req_uri":"/checkUser","status_code":200,"time":"2022-03-15 18:48:21.169"}
{"latency_time":0,"level":"info","msg":"","remote_ip":"::1","req_method":"OPTIONS","req_uri":"/checkUser","status_code":204,"time":"2022-03-15 18:48:28.209"}
{"latency_time":3181200,"level":"info","msg":"","remote_ip":"::1","req_method":"POST","req_uri":"/checkUser","status_code":200,"time":"2022-03-15 18:48:28.214"}
{"latency_time":0,"level":"info","msg":"","remote_ip":"::1","req_method":"OPTIONS","req_uri":"/checkUser","status_code":204,"time":"2022-03-15 18:49:52.247"}
{"latency_time":4417200,"level":"info","msg":"","remote_ip":"::1","req_method":"POST","req_uri":"/checkUser","status_code":200,"time":"2022-03-15 18:49:52.253"}
{"latency_time":0,"level":"info","msg":"","remote_ip":"::1","req_method":"GET","req_uri":"/","status_code":200,"time":"2022-03-15 18:49:55.688"}
{"latency_time":0,"level":"info","msg":"","remote_ip":"::1","req_method":"OPTIONS","req_uri":"/checkUser","status_code":204,"time":"2022-03-15 18:50:01.503"}
{"latency_time":2894000,"level":"info","msg":"","remote_ip":"::1","req_method":"POST","req_uri":"/checkUser","status_code":200,"time":"2022-03-15 18:50:01.506"}
{"latency_time":0,"level":"info","msg":"","remote_ip":"::1","req_method":"GET","req_uri":"/","status_code":200,"time":"2022-03-15 18:53:46.990"}
{"latency_time":0,"level":"info","msg":"","remote_ip":"::1","req_method":"OPTIONS","req_uri":"/checkUser","status_code":204,"time":"2022-03-15 18:53:53.536"}
{"latency_time":2867000,"level":"info","msg":"","remote_ip":"::1","req_method":"POST","req_uri":"/checkUser","status_code":200,"time":"2022-03-15 18:53:53.541"}
{"latency_time":0,"level":"info","msg":"","remote_ip":"::1","req_method":"GET","req_uri":"/","status_code":200,"time":"2022-03-15 18:58:03.038"}
{"latency_time":0,"level":"info","msg":"","remote_ip":"::1","req_method":"GET","req_uri":"/","status_code":200,"time":"2022-03-15 18:58:21.162"}
{"latency_time":0,"level":"info","msg":"","remote_ip":"::1","req_method":"OPTIONS","req_uri":"/checkUser","status_code":204,"time":"2022-03-15 18:58:27.711"}
{"latency_time":3208000,"level":"info","msg":"","remote_ip":"::1","req_method":"POST","req_uri":"/checkUser","status_code":200,"time":"2022-03-15 18:58:27.715"}
{"latency_time":0,"level":"info","msg":"","remote_ip":"::1","req_method":"GET","req_uri":"/","status_code":200,"time":"2022-03-15 18:59:36.948"}
{"latency_time":0,"level":"info","msg":"","remote_ip":"::1","req_method":"OPTIONS","req_uri":"/checkUser","status_code":204,"time":"2022-03-15 18:59:42.479"}
{"latency_time":3934300,"level":"info","msg":"","remote_ip":"::1","req_method":"POST","req_uri":"/checkUser","status_code":200,"time":"2022-03-15 18:59:42.485"}
{"latency_time":0,"level":"info","msg":"","remote_ip":"::1","req_method":"OPTIONS","req_uri":"/getDocsPatient","status_code":204,"time":"2022-03-15 18:59:42.544"}
{"latency_time":0,"level":"info","msg":"","remote_ip":"::1","req_method":"POST","req_uri":"/getDocsPatient","status_code":404,"time":"2022-03-15 18:59:42.546"}
{"latency_time":0,"level":"info","msg":"","remote_ip":"::1","req_method":"OPTIONS","req_uri":"/getDoctorName","status_code":204,"time":"2022-03-15 18:59:42.546"}
{"latency_time":0,"level":"info","msg":"","remote_ip":"::1","req_method":"POST","req_uri":"/getDoctorName","status_code":404,"time":"2022-03-15 18:59:42.548"}
{"latency_time":0,"level":"info","msg":"","remote_ip":"::1","req_method":"OPTIONS","req_uri":"/checkUser","status_code":204,"time":"2022-03-15 18:59:52.752"}
{"level":"info","msg":"手机号或者密码错误,phone:[138],password:[03]","time":"2022-03-15 18:59:52.786"}
{"latency_time":33403400,"level":"info","msg":"","remote_ip":"::1","req_method":"POST","req_uri":"/checkUser","status_code":200,"time":"2022-03-15 18:59:52.786"}
{"level":"info","msg":"手机号或者密码错误,phone:[138],password:[03]","time":"2022-03-15 18:59:55.738"}
{"latency_time":6541300,"level":"info","msg":"","remote_ip":"::1","req_method":"POST","req_uri":"/checkUser","status_code":200,"time":"2022-03-15 18:59:55.738"}
{"latency_time":0,"level":"info","msg":"","remote_ip":"::1","req_method":"GET","req_uri":"/","status_code":200,"time":"2022-03-15 19:00:30.144"}
{"latency_time":0,"level":"info","msg":"","remote_ip":"::1","req_method":"OPTIONS","req_uri":"/addUser","status_code":204,"time":"2022-03-15 19:01:22.714"}
{"latency_time":12098000,"level":"info","msg":"","remote_ip":"::1","req_method":"POST","req_uri":"/addUser","status_code":200,"time":"2022-03-15 19:01:22.728"}
{"latency_time":0,"level":"info","msg":"","remote_ip":"::1","req_method":"OPTIONS","req_uri":"/checkUser","status_code":204,"time":"2022-03-15 19:02:19.481"}
{"latency_time":2989000,"level":"info","msg":"","remote_ip":"::1","req_method":"POST","req_uri":"/checkUser","status_code":200,"time":"2022-03-15 19:02:19.484"}
{"latency_time":0,"level":"info","msg":"","remote_ip":"::1","req_method":"OPTIONS","req_uri":"/getAdminName","status_code":204,"time":"2022-03-15 19:02:19.535"}
{"latency_time":505400,"level":"info","msg":"","remote_ip":"::1","req_method":"GET","req_uri":"/getAllDocAndPatient","status_code":404,"time":"2022-03-15 19:02:19.537"}
{"latency_time":0,"level":"info","msg":"","remote_ip":"::1","req_method":"POST","req_uri":"/getAdminName","status_code":404,"time":"2022-03-15 19:02:19.537"}
{"error":"dial tcp: lookup 111111: no such host","level":"info","msg":"注册失败,user[\u0026{Id:6909506121656958976 Username:root Password:admin Phone:13800000000 Type:0 CreateTime:2022-03-15 22:30:31.8199169 +0800 CST m=+15.005209601 IsDelete:0 Ext:{String: Valid:false}}]","time":"2022-03-15 22:30:36.375"}
{"latency_time":13708698900,"level":"info","msg":"","remote_ip":"::1","req_method":"POST","req_uri":"/addUser","status_code":200,"time":"2022-03-15 22:30:36.376"}
{"error":"dial tcp: lookup 111111: no such host","level":"info","msg":"注册失败,user[\u0026{Id:6909506402247507968 Username:root Password:admin Phone:13800000000 Type:0 CreateTime:2022-03-15 22:31:38.7178884 +0800 CST m=+14.136102001 IsDelete:0 Ext:{String: Valid:false}}]","time":"2022-03-15 22:31:43.275"}
{"latency_time":13680969700,"level":"info","msg":"","remote_ip":"::1","req_method":"POST","req_uri":"/addUser","status_code":200,"time":"2022-03-15 22:31:43.276"}
{"error":"dial tcp: lookup 123456: no such host","level":"info","msg":"注册失败,user[\u0026{Id:6909506570262937600 Username:root Password:admin Phone:13800000000 Type:0 CreateTime:2022-03-15 22:32:18.7755562 +0800 CST m=+12.305912201 IsDelete:0 Ext:{String: Valid:false}}]","time":"2022-03-15 22:32:23.316"}
{"latency_time":13658452700,"level":"info","msg":"","remote_ip":"::1","req_method":"POST","req_uri":"/addUser","status_code":200,"time":"2022-03-15 22:32:23.318"}
{"error":"dial tcp: lookup 123456: no such host","level":"info","msg":"注册失败,user[\u0026{Id:6909506754774564864 Username:root Password:admin Phone:13800000000 Type:0 CreateTime:2022-03-15 22:33:02.7662395 +0800 CST m=+14.537790701 IsDelete:0 Ext:{String: Valid:false}}]","time":"2022-03-15 22:33:07.324"}
{"latency_time":13692208500,"level":"info","msg":"","remote_ip":"::1","req_method":"POST","req_uri":"/addUser","status_code":200,"time":"2022-03-15 22:33:07.325"}
{"error":"dial tcp: lookup 123456: no such host","level":"info","msg":"注册失败,user[\u0026{Id:6909506833170300928 Username:root Password:admin Phone:13800000000 Type:0 CreateTime:2022-03-15 22:33:21.4570431 +0800 CST m=+33.228594301 IsDelete:0 Ext:{String: Valid:false}}]","time":"2022-03-15 22:33:26.013"}
{"latency_time":13664488500,"level":"info","msg":"","remote_ip":"::1","req_method":"POST","req_uri":"/addUser","status_code":200,"time":"2022-03-15 22:33:26.013"}
{"error":"dial tcp: lookup 123456: no such host","level":"info","msg":"注册失败,user[\u0026{Id:6909507138805039104 Username:root Password:admin Phone:13800000000 Type:0 CreateTime:2022-03-15 22:34:34.3265138 +0800 CST m=+11.435203001 IsDelete:0 Ext:{String: Valid:false}}]","time":"2022-03-15 22:34:38.887"}
{"latency_time":13671053600,"level":"info","msg":"","remote_ip":"::1","req_method":"POST","req_uri":"/addUser","status_code":200,"time":"2022-03-15 22:34:38.889"}
{"level":"info","msg":"该用户已经注册过,phone[13800000000],type[0]","time":"2022-03-15 22:35:19.023"}
{"latency_time":342966700,"level":"info","msg":"","remote_ip":"::1","req_method":"POST","req_uri":"/addUser","status_code":200,"time":"2022-03-15 22:35:19.024"}
